<?xml version="1.0" encoding="UTF-8"?>
<testng-results skipped="0" failed="0" total="2" passed="2">
  <reporter-output>
  </reporter-output>
  <suite name="Default suite" duration-ms="52" started-at="2018-05-31T03:41:49Z" finished-at="2018-05-31T03:41:49Z">
    <groups>
    </groups>
    <test name="Default test" duration-ms="52" started-at="2018-05-31T03:41:49Z" finished-at="2018-05-31T03:41:49Z">
      <class name="org.test.gun.TestLogin1">
        <test-method status="PASS" signature="setUp()[pri:0, instance:org.test.gun.TestLogin1@26653222]" name="setUp" is-config="true" duration-ms="17" started-at="2018-05-31T11:41:49Z" finished-at="2018-05-31T11:41:49Z">
          <reporter-output>
          </reporter-output>
        </test-method> <!-- setUp -->
        <test-method status="PASS" signature="b()[pri:0, instance:org.test.gun.TestLogin1@26653222]" name="b" duration-ms="9" started-at="2018-05-31T11:41:49Z" finished-at="2018-05-31T11:41:49Z">
          <reporter-output>
          </reporter-output>
        </test-method> <!-- b -->
      </class> <!-- org.test.gun.TestLogin1 -->
      <class name="org.test.gun.TestLogin">
        <test-method status="PASS" signature="setUp()[pri:0, instance:org.test.gun.TestLogin@3532ec19]" name="setUp" is-config="true" duration-ms="1" started-at="2018-05-31T11:41:49Z" finished-at="2018-05-31T11:41:49Z">
          <reporter-output>
          </reporter-output>
        </test-method> <!-- setUp -->
        <test-method status="PASS" signature="a()[pri:0, instance:org.test.gun.TestLogin@3532ec19]" name="a" duration-ms="2" started-at="2018-05-31T11:41:49Z" finished-at="2018-05-31T11:41:49Z">
          <reporter-output>
          </reporter-output>
        </test-method> <!-- a -->
      </class> <!-- org.test.gun.TestLogin -->
    </test> <!-- Default test -->
  </suite> <!-- Default suite -->
</testng-results>
